# JRE version: OpenJDK Runtime Environment Temurin-17.0.7+7 (17.0.7+7) (build 17.0.7+7)
# Java VM: OpenJDK 64-Bit Server VM Temurin-17.0.7+7 (17.0.7+7, mixed mode, emulated-client, tiered, compressed oops, compressed class ptrs, g1 gc, windows-amd64)
GC Precious Log:
 CPUs: 8 total, 8 available
 Memory: 16125M
 Large Page Support: Disabled
 NUMA Support: Disabled
 Compressed Oops: Enabled (Zero based)
 Heap Region Size: 2M
 Heap Min Capacity: 8M
 Heap Initial Capacity: 252M
 Heap Max Capacity: 4032M
 Pre-touch: Disabled
 Parallel Workers: 8
 Concurrent Workers: 2
 Concurrent Refinement Workers: 8
 Periodic GC: Disabled
Heap:
 garbage-first heap   total 83968K, used 53235K [0x0000000704000000, 0x0000000800000000)
  region size 2048K, 13 young (26624K), 1 survivors (2048K)
 Metaspace       used 74012K, committed 74624K, reserved 1114112K
  class space    used 10236K, committed 10496K, reserved 1048576K
GC Heap History (20 events):
Event: 2683.356 GC heap before
{Heap before GC invocations=18 (full 0):
 garbage-first heap   total 83968K, used 64681K [0x0000000704000000, 0x0000000800000000)
  region size 2048K, 18 young (36864K), 1 survivors (2048K)
 Metaspace       used 72489K, committed 73024K, reserved 1114112K
  class space    used 10002K, committed 10240K, reserved 1048576K
}
Event: 2683.359 GC heap after
{Heap after GC invocations=19 (full 0):
 garbage-first heap   total 83968K, used 30238K [0x0000000704000000, 0x0000000800000000)
  region size 2048K, 1 young (2048K), 1 survivors (2048K)
 Metaspace       used 72489K, committed 73024K, reserved 1114112K
  class space    used 10002K, committed 10240K, reserved 1048576K
}
Event: 3779.119 GC heap before
{Heap before GC invocations=19 (full 0):
 garbage-first heap   total 83968K, used 65054K [0x0000000704000000, 0x0000000800000000)
  region size 2048K, 18 young (36864K), 1 survivors (2048K)
 Metaspace       used 72489K, committed 73024K, reserved 1114112K
  class space    used 10002K, committed 10240K, reserved 1048576K
}
Event: 3779.123 GC heap after
{Heap after GC invocations=20 (full 0):
 garbage-first heap   total 83968K, used 30382K [0x0000000704000000, 0x0000000800000000)
  region size 2048K, 1 young (2048K), 1 survivors (2048K)
 Metaspace       used 72489K, committed 73024K, reserved 1114112K
  class space    used 10002K, committed 10240K, reserved 1048576K
}
Event: 4920.828 GC heap before
{Heap before GC invocations=20 (full 0):
 garbage-first heap   total 83968K, used 65198K [0x0000000704000000, 0x0000000800000000)
  region size 2048K, 18 young (36864K), 1 survivors (2048K)
 Metaspace       used 72490K, committed 73024K, reserved 1114112K
  class space    used 10002K, committed 10240K, reserved 1048576K
}
Event: 4920.833 GC heap after
{Heap after GC invocations=21 (full 0):
 garbage-first heap   total 83968K, used 30187K [0x0000000704000000, 0x0000000800000000)
  region size 2048K, 1 young (2048K), 1 survivors (2048K)
 Metaspace       used 72490K, committed 73024K, reserved 1114112K
  class space    used 10002K, committed 10240K, reserved 1048576K
}
Event: 6003.255 GC heap before
{Heap before GC invocations=21 (full 0):
 garbage-first heap   total 83968K, used 67051K [0x0000000704000000, 0x0000000800000000)
  region size 2048K, 19 young (38912K), 1 survivors (2048K)
 Metaspace       used 72655K, committed 73280K, reserved 1114112K
  class space    used 10030K, committed 10304K, reserved 1048576K
}
Event: 6003.258 GC heap after
{Heap after GC invocations=22 (full 0):
 garbage-first heap   total 83968K, used 30621K [0x0000000704000000, 0x0000000800000000)
  region size 2048K, 1 young (2048K), 1 survivors (2048K)
 Metaspace       used 72655K, committed 73280K, reserved 1114112K
  class space    used 10030K, committed 10304K, reserved 1048576K
}
Event: 6827.909 GC heap before
{Heap before GC invocations=22 (full 0):
 garbage-first heap   total 83968K, used 67485K [0x0000000704000000, 0x0000000800000000)
  region size 2048K, 19 young (38912K), 1 survivors (2048K)
 Metaspace       used 73997K, committed 74560K, reserved 1114112K
  class space    used 10232K, committed 10496K, reserved 1048576K
}
Event: 6827.913 GC heap after
{Heap after GC invocations=23 (full 0):
 garbage-first heap   total 83968K, used 30891K [0x0000000704000000, 0x0000000800000000)
  region size 2048K, 2 young (4096K), 2 survivors (4096K)
 Metaspace       used 73997K, committed 74560K, reserved 1114112K
  class space    used 10232K, committed 10496K, reserved 1048576K
}
Event: 7914.122 GC heap before
{Heap before GC invocations=23 (full 0):
 garbage-first heap   total 83968K, used 65707K [0x0000000704000000, 0x0000000800000000)
  region size 2048K, 19 young (38912K), 2 survivors (4096K)
 Metaspace       used 73997K, committed 74560K, reserved 1114112K
  class space    used 10232K, committed 10496K, reserved 1048576K
}
Event: 7914.127 GC heap after
{Heap after GC invocations=24 (full 0):
 garbage-first heap   total 83968K, used 30877K [0x0000000704000000, 0x0000000800000000)
  region size 2048K, 2 young (4096K), 2 survivors (4096K)
 Metaspace       used 73997K, committed 74560K, reserved 1114112K
  class space    used 10232K, committed 10496K, reserved 1048576K
}
Event: 9007.127 GC heap before
{Heap before GC invocations=24 (full 0):
 garbage-first heap   total 83968K, used 65693K [0x0000000704000000, 0x0000000800000000)
  region size 2048K, 19 young (38912K), 2 survivors (4096K)
 Metaspace       used 73997K, committed 74560K, reserved 1114112K
  class space    used 10232K, committed 10496K, reserved 1048576K
}
Event: 9007.130 GC heap after
{Heap after GC invocations=25 (full 0):
 garbage-first heap   total 83968K, used 30879K [0x0000000704000000, 0x0000000800000000)
  region size 2048K, 2 young (4096K), 2 survivors (4096K)
 Metaspace       used 73997K, committed 74560K, reserved 1114112K
  class space    used 10232K, committed 10496K, reserved 1048576K
}
Event: 10149.120 GC heap before
{Heap before GC invocations=25 (full 0):
 garbage-first heap   total 83968K, used 65695K [0x0000000704000000, 0x0000000800000000)
  region size 2048K, 19 young (38912K), 2 survivors (4096K)
 Metaspace       used 73997K, committed 74560K, reserved 1114112K
  class space    used 10232K, committed 10496K, reserved 1048576K
}
Event: 10149.125 GC heap after
{Heap after GC invocations=26 (full 0):
 garbage-first heap   total 83968K, used 30707K [0x0000000704000000, 0x0000000800000000)
  region size 2048K, 1 young (2048K), 1 survivors (2048K)
 Metaspace       used 73997K, committed 74560K, reserved 1114112K
  class space    used 10232K, committed 10496K, reserved 1048576K
}
Event: 11281.868 GC heap before
{Heap before GC invocations=26 (full 0):
 garbage-first heap   total 83968K, used 65523K [0x0000000704000000, 0x0000000800000000)
  region size 2048K, 19 young (38912K), 1 survivors (2048K)
 Metaspace       used 73997K, committed 74560K, reserved 1114112K
  class space    used 10232K, committed 10496K, reserved 1048576K
}
Event: 11281.874 GC heap after
{Heap after GC invocations=27 (full 0):
 garbage-first heap   total 83968K, used 30860K [0x0000000704000000, 0x0000000800000000)
  region size 2048K, 2 young (4096K), 2 survivors (4096K)
 Metaspace       used 73997K, committed 74560K, reserved 1114112K
  class space    used 10232K, committed 10496K, reserved 1048576K
}
Event: 12400.663 GC heap before
{Heap before GC invocations=27 (full 0):
 garbage-first heap   total 83968K, used 65676K [0x0000000704000000, 0x0000000800000000)
  region size 2048K, 19 young (38912K), 2 survivors (4096K)
 Metaspace       used 73997K, committed 74560K, reserved 1114112K
  class space    used 10232K, committed 10496K, reserved 1048576K
}
Event: 12400.668 GC heap after
{Heap after GC invocations=28 (full 0):
 garbage-first heap   total 83968K, used 30707K [0x0000000704000000, 0x0000000800000000)
  region size 2048K, 1 young (2048K), 1 survivors (2048K)
 Metaspace       used 73997K, committed 74560K, reserved 1114112K
  class space    used 10232K, committed 10496K, reserved 1048576K
}

